j:\moyo\кну\ооп\lab1\consoleapplication1\x64\debug\lab1.pch
j:\moyo\кну\ооп\lab1\consoleapplication1\x64\debug\vc143.pdb
j:\moyo\кну\ооп\lab1\consoleapplication1\x64\debug\pch.obj
j:\moyo\кну\ооп\lab1\consoleapplication1\x64\debug\assemblyinfo.obj
j:\moyo\кну\ооп\lab1\consoleapplication1\x64\debug\.netframework,version=v4.7.2.assemblyattributes.obj
j:\moyo\кну\ооп\lab1\consoleapplication1\x64\debug\lab1.obj
j:\moyo\кну\ооп\lab1\x64\debug\lab1.exe
j:\moyo\кну\ооп\lab1\x64\debug\lab1.pdb
j:\moyo\кну\ооп\lab1\consoleapplication1\x64\debug\app.res
j:\moyo\кну\.net prac\lab1\consoleapplication1\x64\debug\consoleapplication1.vcxproj.assemblyreference.cache
j:\moyo\кну\.net prac\lab1\consoleapplication1\x64\debug\.netframework,version=v4.7.2.assemblyattributes.obj
j:\moyo\кну\.net prac\lab1\consoleapplication1\x64\debug\assemblyinfo.obj
j:\moyo\кну\.net prac\lab1\consoleapplication1\x64\debug\consoleapplication1.obj
j:\moyo\кну\.net prac\lab1\consoleapplication1\x64\debug\lab1.obj
j:\moyo\кну\.net prac\lab1\consoleapplication1\x64\debug\pch.obj
j:\moyo\кну\.net prac\lab1\consoleapplication1\x64\debug\task1.obj
j:\moyo\кну\.net prac\lab1\consoleapplication1\x64\debug\task2.obj
j:\moyo\кну\.net prac\lab1\consoleapplication1\x64\debug\app.res
j:\moyo\кну\.net prac\lab1\consoleapplication1\x64\debug\consoleapplication1.pch
j:\moyo\кну\.net prac\lab1\consoleapplication1\x64\debug\lab1.pch
j:\moyo\кну\.net prac\lab1\consoleapplication1\x64\debug\task1.pch
j:\moyo\кну\.net prac\lab1\consoleapplication1\x64\debug\vc143.pdb
j:\moyo\кну\.net prac\lab1\x64\debug\lab1.pdb
j:\moyo\кну\.net prac\lab1\x64\debug\lab1.exe
j:\moyo\кну\.net prac\lab1\consoleapplication1\x64\debug\lab1.tlog\cl.command.1.tlog
j:\moyo\кну\.net prac\lab1\consoleapplication1\x64\debug\lab1.tlog\cl.items.tlog
j:\moyo\кну\.net prac\lab1\consoleapplication1\x64\debug\lab1.tlog\cl.read.1.tlog
j:\moyo\кну\.net prac\lab1\consoleapplication1\x64\debug\lab1.tlog\cl.write.1.tlog
j:\moyo\кну\.net prac\lab1\consoleapplication1\x64\debug\lab1.tlog\link.command.1.tlog
j:\moyo\кну\.net prac\lab1\consoleapplication1\x64\debug\lab1.tlog\link.read.1.tlog
j:\moyo\кну\.net prac\lab1\consoleapplication1\x64\debug\lab1.tlog\link.secondary.1.tlog
j:\moyo\кну\.net prac\lab1\consoleapplication1\x64\debug\lab1.tlog\link.write.1.tlog
j:\moyo\кну\.net prac\lab1\consoleapplication1\x64\debug\lab1.tlog\metagen.read.1.tlog
j:\moyo\кну\.net prac\lab1\consoleapplication1\x64\debug\lab1.tlog\metagen.write.1.tlog
j:\moyo\кну\.net prac\lab1\consoleapplication1\x64\debug\lab1.tlog\rc.command.1.tlog
j:\moyo\кну\.net prac\lab1\consoleapplication1\x64\debug\lab1.tlog\rc.read.1.tlog
j:\moyo\кну\.net prac\lab1\consoleapplication1\x64\debug\lab1.tlog\rc.write.1.tlog
