j:\moyo\кну\.net prac\lab5\lab5\x64\debug\lab5.pch
j:\moyo\кну\.net prac\lab5\lab5\x64\debug\vc143.pdb
j:\moyo\кну\.net prac\lab5\lab5\x64\debug\pch.obj
j:\moyo\кну\.net prac\lab5\lab5\x64\debug\lab5.obj
j:\moyo\кну\.net prac\lab5\lab5\x64\debug\assemblyinfo.obj
j:\moyo\кну\.net prac\lab5\lab5\x64\debug\.netframework,version=v4.7.2.assemblyattributes.obj
j:\moyo\кну\.net prac\lab5\x64\debug\lab5.exe
j:\moyo\кну\.net prac\lab5\x64\debug\lab5.pdb
j:\moyo\кну\.net prac\lab5\lab5\x64\debug\app.res
j:\moyo\кну\.net prac\lab5\lab5\x64\debug\lab5.tlog\cl.command.1.tlog
j:\moyo\кну\.net prac\lab5\lab5\x64\debug\lab5.tlog\cl.items.tlog
j:\moyo\кну\.net prac\lab5\lab5\x64\debug\lab5.tlog\cl.read.1.tlog
j:\moyo\кну\.net prac\lab5\lab5\x64\debug\lab5.tlog\cl.write.1.tlog
j:\moyo\кну\.net prac\lab5\lab5\x64\debug\lab5.tlog\link.command.1.tlog
j:\moyo\кну\.net prac\lab5\lab5\x64\debug\lab5.tlog\link.read.1.tlog
j:\moyo\кну\.net prac\lab5\lab5\x64\debug\lab5.tlog\link.secondary.1.tlog
j:\moyo\кну\.net prac\lab5\lab5\x64\debug\lab5.tlog\link.write.1.tlog
j:\moyo\кну\.net prac\lab5\lab5\x64\debug\lab5.tlog\metagen.read.1.tlog
j:\moyo\кну\.net prac\lab5\lab5\x64\debug\lab5.tlog\metagen.write.1.tlog
j:\moyo\кну\.net prac\lab5\lab5\x64\debug\lab5.tlog\rc.command.1.tlog
j:\moyo\кну\.net prac\lab5\lab5\x64\debug\lab5.tlog\rc.read.1.tlog
j:\moyo\кну\.net prac\lab5\lab5\x64\debug\lab5.tlog\rc.write.1.tlog
